<?xml version="1.0" encoding="UTF-8"?>
<!-- Generated by org.testng.reporters.JUnitXMLReporter -->
<testsuite ignored="0" hostname="DESKTOP-OORRKIK" failures="0" tests="6" name="Surefire test" time="0.062" errors="0" timestamp="22 Jun 2019 09:59:49 GMT">
  <testcase classname="qaclickacademy.ApiumTest" name="iOSApps on iOSApps(qaclickacademy.ApiumTest)" time="0.003"/>
  <testcase classname="qaclickacademy.ApiumTest" name="NativeAppAndroid on NativeAppAndroid(qaclickacademy.ApiumTest)" time="0.004"/>
  <testcase classname="qaclickacademy.RESTAPITest" name="postJira on postJira(qaclickacademy.RESTAPITest)" time="0.001"/>
  <testcase classname="qaclickacademy.RESTAPITest" name="deleteTwitter on deleteTwitter(qaclickacademy.RESTAPITest)" time="0.001"/>
  <testcase classname="qaclickacademy.SeleniumTest" name="elementsUI on elementsUI(qaclickacademy.SeleniumTest)" time="0.001"/>
  <testcase classname="qaclickacademy.SeleniumTest" name="BrowserAutomation on BrowserAutomation(qaclickacademy.SeleniumTest)" time="0.001"/>
</testsuite> <!-- Surefire test -->
