<?xml version="1.0" encoding="UTF-8"?>
<testng-results ignored="0" total="6" passed="6" failed="0" skipped="0">
  <reporter-output>
  </reporter-output>
  <suite started-at="2019-06-22T09:59:49Z" name="Surefire suite" finished-at="2019-06-22T09:59:49Z" duration-ms="62">
    <groups>
    </groups>
    <test started-at="2019-06-22T09:59:49Z" name="Surefire test" finished-at="2019-06-22T09:59:49Z" duration-ms="62">
      <class name="qaclickacademy.RESTAPITest">
        <test-method signature="deleteTwitter()" started-at="2019-06-22T09:59:49Z" name="deleteTwitter" finished-at="2019-06-22T09:59:49Z" duration-ms="1" status="PASS">
          <reporter-output>
          </reporter-output>
        </test-method> <!-- deleteTwitter -->
        <test-method signature="postJira()" started-at="2019-06-22T09:59:49Z" name="postJira" finished-at="2019-06-22T09:59:49Z" duration-ms="1" status="PASS">
          <reporter-output>
          </reporter-output>
        </test-method> <!-- postJira -->
      </class> <!-- qaclickacademy.RESTAPITest -->
      <class name="qaclickacademy.SeleniumTest">
        <test-method signature="BrowserAutomation()" started-at="2019-06-22T09:59:49Z" name="BrowserAutomation" finished-at="2019-06-22T09:59:49Z" duration-ms="1" status="PASS">
          <reporter-output>
          </reporter-output>
        </test-method> <!-- BrowserAutomation -->
        <test-method signature="elementsUI()" started-at="2019-06-22T09:59:49Z" name="elementsUI" finished-at="2019-06-22T09:59:49Z" duration-ms="1" status="PASS">
          <reporter-output>
          </reporter-output>
        </test-method> <!-- elementsUI -->
      </class> <!-- qaclickacademy.SeleniumTest -->
      <class name="qaclickacademy.ApiumTest">
        <test-method signature="iOSApps()" started-at="2019-06-22T09:59:49Z" name="iOSApps" finished-at="2019-06-22T09:59:49Z" duration-ms="3" status="PASS">
          <reporter-output>
          </reporter-output>
        </test-method> <!-- iOSApps -->
        <test-method signature="NativeAppAndroid()" started-at="2019-06-22T09:59:49Z" name="NativeAppAndroid" finished-at="2019-06-22T09:59:49Z" duration-ms="4" status="PASS">
          <reporter-output>
          </reporter-output>
        </test-method> <!-- NativeAppAndroid -->
      </class> <!-- qaclickacademy.ApiumTest -->
    </test> <!-- Surefire test -->
  </suite> <!-- Surefire suite -->
</testng-results>
